2025-07-20 14:38:22 [INFO]: 正在初始化交易系统...
2025-07-20 14:38:22 [INFO]: 配置加载完成
2025-07-20 14:38:22 [INFO]: 交易系统核心初始化完成
2025-07-20 14:38:22 [INFO]: 数据管理器初始化完成
2025-07-20 14:38:22 [INFO]: 交易系统初始化完成
2025-07-20 14:38:22 [INFO]: 正在启动交易系统...
2025-07-20 14:38:22 [INFO]: 所有数据提供者已启动
2025-07-20 14:38:22 [INFO]: 正在启动交易系统...
2025-07-20 14:38:22 [INFO]: 交易系统启动成功
2025-07-20 14:38:22 [INFO]: 交易系统启动成功
2025-07-20 14:38:22 [INFO]: 交易系统运行中...
2025-07-20 14:38:22 [INFO]: 系统状态:
2025-07-20 14:38:27 [INFO]: 正在初始化交易系统...
2025-07-20 14:38:27 [INFO]: 配置加载完成
2025-07-20 14:38:27 [INFO]: 交易系统核心初始化完成
2025-07-20 14:38:27 [INFO]: 数据管理器初始化完成
2025-07-20 14:38:27 [INFO]: 交易系统初始化完成
2025-07-20 14:38:27 [INFO]: 正在启动交易系统...
2025-07-20 14:38:27 [INFO]: 所有数据提供者已启动
2025-07-20 14:38:27 [INFO]: 正在启动交易系统...
2025-07-20 14:38:27 [INFO]: 交易系统启动成功
2025-07-20 14:38:27 [INFO]: 交易系统启动成功
2025-07-20 14:38:27 [INFO]: 交易系统运行中...
2025-07-20 14:38:27 [INFO]: 系统状态:
